20-03-27 13:42:58 [INFO] Logger started.
20-03-27 13:42:58 [INFO] Logging system initialized.
20-03-27 13:42:58 [INFO] Detected Minecraft version: 1.15.2
20-03-27 13:43:14 [WARNING] The Minecraft version seems to be more recent than the one Compat-CB-Reflect has been built with - this might work, but there could be incompatibilities.
20-03-27 13:43:14 [INFO] McAccess set to: 1.4.5-1.12.2|? / CB-Reflect
20-03-27 13:43:14 [INFO] Added block-info for Minecraft 1.5 blocks.
20-03-27 13:43:14 [INFO] Added block-info for Minecraft 1.6.1 blocks.
20-03-27 13:43:14 [INFO] Added block-info for Minecraft 1.7.2 blocks.
20-03-27 13:43:14 [INFO] Added block-info for Minecraft 1.8 blocks.
20-03-27 13:43:14 [INFO] Added block-info for Minecraft 1.9 blocks.
20-03-27 13:43:14 [INFO] Added block-info for Minecraft 1.10 blocks.
20-03-27 13:43:14 [INFO] Added block-info for Minecraft 1.11 blocks.
20-03-27 13:43:14 [INFO] Added block-info for Minecraft 1.12 blocks.
20-03-27 13:43:14 [INFO] Inventory checks: FastConsume is available, disabled InstantEat.
20-03-27 13:43:14 [WARNING] Packet level access via ProtocolLib not available, supported configurations:  | ProtocolLib 4.3.0 or later for Minecraft 1.12.x | ProtocolLib 4.2.0 or later for Minecraft 1.11.x | ProtocolLib 4.1 or later for Minecraft 1.8.x to 1.10.x | ProtocolLib 3.7.0 for Minecraft 1.7.x and earlier | ProtocolLib 3.6.6 for PaperSpigot 1.8.x
20-03-27 13:43:14 [INFO] Force disable FastHeal on Minecraft 1.9 and later.
20-03-27 13:43:14 [INFO] Version 3.16.0-RC-sMD5NET-b1134 is enabled.
20-03-27 13:43:16 [INFO] [GenericInstanceRegistry] Registered for itself: fr.neatmonster.nocheatplus.stats.Counters
20-03-27 13:43:16 [INFO] [GenericInstanceRegistry] Registered for itself: fr.neatmonster.nocheatplus.checks.workaround.WRPT
20-03-27 13:43:16 [INFO] [GenericInstanceRegistry] Registered for itself: fr.neatmonster.nocheatplus.checks.moving.location.tracking.LocationTrace$TraceEntryPool
20-03-27 13:43:16 [INFO] [GenericInstanceRegistry] Registered for itself: fr.neatmonster.nocheatplus.utilities.entity.PassengerUtil
20-03-27 13:43:16 [INFO] [GenericInstanceRegistry] Registered for itself: java.util.Random
20-03-27 13:43:16 [INFO] [GenericInstanceRegistry] Registered for fr.neatmonster.nocheatplus.compat.IBridgeCrossPlugin: fr.neatmonster.nocheatplus.compat.meta.BridgeCrossPlugin
20-03-27 13:43:16 [INFO] [GenericInstanceRegistry] Registered for fr.neatmonster.nocheatplus.compat.MCAccess: fr.neatmonster.nocheatplus.compat.cbreflect.MCAccessCBReflect
20-03-27 13:43:16 [INFO] [GenericInstanceRegistry] Registered for fr.neatmonster.nocheatplus.utilities.map.BlockCache: fr.neatmonster.nocheatplus.compat.cbreflect.BlockCacheCBReflect
20-03-27 13:43:16 [INFO] [GenericInstanceRegistry] Registered for fr.neatmonster.nocheatplus.components.modifier.IAttributeAccess: fr.neatmonster.nocheatplus.compat.bukkit.BukkitAttributeAccess
20-03-27 13:43:16 [INFO] [GenericInstanceRegistry] Registered for fr.neatmonster.nocheatplus.components.entity.IEntityAccessLastPositionAndLook: fr.neatmonster.nocheatplus.compat.cbreflect.reflect.ReflectEntityLastPositionAndLook
20-03-27 13:43:16 [INFO] [GenericInstanceRegistry] Registered for fr.neatmonster.nocheatplus.components.entity.IEntityAccessVehicle: fr.neatmonster.nocheatplus.compat.bukkit.EntityAccessVehicleMultiPassenger
20-03-27 13:43:16 [INFO] [GenericInstanceRegistry] Registered for itself: fr.neatmonster.nocheatplus.checks.moving.util.AuxMoving
20-03-27 13:43:16 [INFO] Added hook: AllViolations(NCP) [1.0].
20-03-27 13:43:16 [INFO] Post-enable running...
20-03-27 13:43:16 [INFO] Post-enable finished.
20-03-27 13:43:16 [INFO] ---- Version information ----
#### Server ####
git-Paper-145 ~MC: 1.15.2~
  detected: 1.15.2
#### NoCheatPlus ####
Plugin: 3.16.0-RC-sMD5NET-b1134
MCAccess: 1.4.5-1.12.2|? / CB-Reflect
Features:
  blocks: BlocksMC1_4 | BlocksMC1_5 | BlocksMC1_6_1 | BlocksMC1_7_2 | BlocksMC1_8 | BlocksMC1_9 | BlocksMC1_10 | BlocksMC1_11 | BlocksMC1_12
  checks: FastConsume | Gutenberg | HotFixFallingBlockPortalEnter
  defaults: pvpKnockBackVelocity
Hooks: AllViolations~NCP~ 1.0
#### Related Plugins ####
ProtocolLib v4.5.0
20-03-27 14:36:36 [INFO] Removed hook: AllViolations(NCP) [1.0].
20-03-27 14:36:36 [FINE] | cancel.dead 0 | cancel.offline 0 | block.interact.look.current 0 | block.interact.look.flying.first 0 | block.interact.look.flying.other 0 | illegalitem 0 | boatsanywhere 0 | throwenderpearl 0 | fakeinvulnerable 0 | eggonentity 0 | event.player.move 0 |
20-03-27 14:36:36 [INFO] [GenericInstanceRegistry] Registry cleared.
20-03-28 18:28:25 [INFO] Logger started.
20-03-28 18:28:25 [INFO] Logging system initialized.
20-03-28 18:28:25 [INFO] Detected Minecraft version: 1.15.2
20-03-28 18:28:47 [WARNING] The Minecraft version seems to be more recent than the one Compat-CB-Reflect has been built with - this might work, but there could be incompatibilities.
20-03-28 18:28:47 [INFO] McAccess set to: 1.4.5-1.12.2|? / CB-Reflect
20-03-28 18:28:47 [INFO] Added block-info for Minecraft 1.5 blocks.
20-03-28 18:28:47 [INFO] Added block-info for Minecraft 1.6.1 blocks.
20-03-28 18:28:47 [INFO] Added block-info for Minecraft 1.7.2 blocks.
20-03-28 18:28:47 [INFO] Added block-info for Minecraft 1.8 blocks.
20-03-28 18:28:47 [INFO] Added block-info for Minecraft 1.9 blocks.
20-03-28 18:28:47 [INFO] Added block-info for Minecraft 1.10 blocks.
20-03-28 18:28:47 [INFO] Added block-info for Minecraft 1.11 blocks.
20-03-28 18:28:47 [INFO] Added block-info for Minecraft 1.12 blocks.
20-03-28 18:28:47 [INFO] Inventory checks: FastConsume is available, disabled InstantEat.
20-03-28 18:28:47 [WARNING] Packet level access via ProtocolLib not available, supported configurations:  | ProtocolLib 4.3.0 or later for Minecraft 1.12.x | ProtocolLib 4.2.0 or later for Minecraft 1.11.x | ProtocolLib 4.1 or later for Minecraft 1.8.x to 1.10.x | ProtocolLib 3.7.0 for Minecraft 1.7.x and earlier | ProtocolLib 3.6.6 for PaperSpigot 1.8.x
20-03-28 18:28:47 [INFO] Force disable FastHeal on Minecraft 1.9 and later.
20-03-28 18:28:47 [INFO] Version 3.16.0-RC-sMD5NET-b1134 is enabled.
20-03-28 18:28:48 [INFO] [GenericInstanceRegistry] Registered for itself: fr.neatmonster.nocheatplus.stats.Counters
20-03-28 18:28:48 [INFO] [GenericInstanceRegistry] Registered for itself: fr.neatmonster.nocheatplus.checks.workaround.WRPT
20-03-28 18:28:48 [INFO] [GenericInstanceRegistry] Registered for itself: fr.neatmonster.nocheatplus.checks.moving.location.tracking.LocationTrace$TraceEntryPool
20-03-28 18:28:48 [INFO] [GenericInstanceRegistry] Registered for itself: fr.neatmonster.nocheatplus.utilities.entity.PassengerUtil
20-03-28 18:28:48 [INFO] [GenericInstanceRegistry] Registered for itself: java.util.Random
20-03-28 18:28:48 [INFO] [GenericInstanceRegistry] Registered for fr.neatmonster.nocheatplus.compat.IBridgeCrossPlugin: fr.neatmonster.nocheatplus.compat.meta.BridgeCrossPlugin
20-03-28 18:28:48 [INFO] [GenericInstanceRegistry] Registered for fr.neatmonster.nocheatplus.compat.MCAccess: fr.neatmonster.nocheatplus.compat.cbreflect.MCAccessCBReflect
20-03-28 18:28:48 [INFO] [GenericInstanceRegistry] Registered for fr.neatmonster.nocheatplus.utilities.map.BlockCache: fr.neatmonster.nocheatplus.compat.cbreflect.BlockCacheCBReflect
20-03-28 18:28:48 [INFO] [GenericInstanceRegistry] Registered for fr.neatmonster.nocheatplus.components.modifier.IAttributeAccess: fr.neatmonster.nocheatplus.compat.bukkit.BukkitAttributeAccess
20-03-28 18:28:48 [INFO] [GenericInstanceRegistry] Registered for fr.neatmonster.nocheatplus.components.entity.IEntityAccessLastPositionAndLook: fr.neatmonster.nocheatplus.compat.cbreflect.reflect.ReflectEntityLastPositionAndLook
20-03-28 18:28:48 [INFO] [GenericInstanceRegistry] Registered for fr.neatmonster.nocheatplus.components.entity.IEntityAccessVehicle: fr.neatmonster.nocheatplus.compat.bukkit.EntityAccessVehicleMultiPassenger
20-03-28 18:28:48 [INFO] [GenericInstanceRegistry] Registered for itself: fr.neatmonster.nocheatplus.checks.moving.util.AuxMoving
20-03-28 18:28:48 [INFO] Added hook: AllViolations(NCP) [1.0].
20-03-28 18:28:48 [INFO] Post-enable running...
20-03-28 18:28:48 [INFO] Post-enable finished.
20-03-28 18:28:48 [INFO] ---- Version information ----
#### Server ####
git-Paper-145 ~MC: 1.15.2~
  detected: 1.15.2
#### NoCheatPlus ####
Plugin: 3.16.0-RC-sMD5NET-b1134
MCAccess: 1.4.5-1.12.2|? / CB-Reflect
Features:
  blocks: BlocksMC1_4 | BlocksMC1_5 | BlocksMC1_6_1 | BlocksMC1_7_2 | BlocksMC1_8 | BlocksMC1_9 | BlocksMC1_10 | BlocksMC1_11 | BlocksMC1_12
  checks: FastConsume | Gutenberg | HotFixFallingBlockPortalEnter
  defaults: pvpKnockBackVelocity
Hooks: AllViolations~NCP~ 1.0
#### Related Plugins ####
ProtocolLib v4.5.0
20-03-28 18:33:43 [INFO] Removed hook: AllViolations(NCP) [1.0].
20-03-28 18:33:43 [FINE] | cancel.dead 0 | cancel.offline 0 | block.interact.look.current 0 | block.interact.look.flying.first 0 | block.interact.look.flying.other 0 | illegalitem 0 | boatsanywhere 0 | throwenderpearl 0 | fakeinvulnerable 0 | eggonentity 0 | event.player.move 0 |
20-03-28 18:33:43 [INFO] [GenericInstanceRegistry] Registry cleared.
20-03-29 08:00:28 [INFO] Logger started.
20-03-29 08:00:28 [INFO] Logging system initialized.
20-03-29 08:00:28 [INFO] Detected Minecraft version: 1.15.2
20-03-29 08:00:48 [WARNING] The Minecraft version seems to be more recent than the one Compat-CB-Reflect has been built with - this might work, but there could be incompatibilities.
20-03-29 08:00:49 [INFO] McAccess set to: 1.4.5-1.12.2|? / CB-Reflect
20-03-29 08:00:49 [INFO] Added block-info for Minecraft 1.5 blocks.
20-03-29 08:00:49 [INFO] Added block-info for Minecraft 1.6.1 blocks.
20-03-29 08:00:49 [INFO] Added block-info for Minecraft 1.7.2 blocks.
20-03-29 08:00:49 [INFO] Added block-info for Minecraft 1.8 blocks.
20-03-29 08:00:49 [INFO] Added block-info for Minecraft 1.9 blocks.
20-03-29 08:00:49 [INFO] Added block-info for Minecraft 1.10 blocks.
20-03-29 08:00:49 [INFO] Added block-info for Minecraft 1.11 blocks.
20-03-29 08:00:49 [INFO] Added block-info for Minecraft 1.12 blocks.
20-03-29 08:00:49 [INFO] Inventory checks: FastConsume is available, disabled InstantEat.
20-03-29 08:00:49 [WARNING] Packet level access via ProtocolLib not available, supported configurations:  | ProtocolLib 4.3.0 or later for Minecraft 1.12.x | ProtocolLib 4.2.0 or later for Minecraft 1.11.x | ProtocolLib 4.1 or later for Minecraft 1.8.x to 1.10.x | ProtocolLib 3.7.0 for Minecraft 1.7.x and earlier | ProtocolLib 3.6.6 for PaperSpigot 1.8.x
20-03-29 08:00:49 [INFO] Force disable FastHeal on Minecraft 1.9 and later.
20-03-29 08:00:49 [INFO] Version 3.16.0-RC-sMD5NET-b1134 is enabled.
20-03-29 08:00:50 [INFO] [GenericInstanceRegistry] Registered for itself: fr.neatmonster.nocheatplus.stats.Counters
20-03-29 08:00:50 [INFO] [GenericInstanceRegistry] Registered for itself: fr.neatmonster.nocheatplus.checks.workaround.WRPT
20-03-29 08:00:50 [INFO] [GenericInstanceRegistry] Registered for itself: fr.neatmonster.nocheatplus.checks.moving.location.tracking.LocationTrace$TraceEntryPool
20-03-29 08:00:50 [INFO] [GenericInstanceRegistry] Registered for itself: fr.neatmonster.nocheatplus.utilities.entity.PassengerUtil
20-03-29 08:00:50 [INFO] [GenericInstanceRegistry] Registered for itself: java.util.Random
20-03-29 08:00:50 [INFO] [GenericInstanceRegistry] Registered for fr.neatmonster.nocheatplus.compat.IBridgeCrossPlugin: fr.neatmonster.nocheatplus.compat.meta.BridgeCrossPlugin
20-03-29 08:00:50 [INFO] [GenericInstanceRegistry] Registered for fr.neatmonster.nocheatplus.compat.MCAccess: fr.neatmonster.nocheatplus.compat.cbreflect.MCAccessCBReflect
20-03-29 08:00:50 [INFO] [GenericInstanceRegistry] Registered for fr.neatmonster.nocheatplus.utilities.map.BlockCache: fr.neatmonster.nocheatplus.compat.cbreflect.BlockCacheCBReflect
20-03-29 08:00:50 [INFO] [GenericInstanceRegistry] Registered for fr.neatmonster.nocheatplus.components.modifier.IAttributeAccess: fr.neatmonster.nocheatplus.compat.bukkit.BukkitAttributeAccess
20-03-29 08:00:50 [INFO] [GenericInstanceRegistry] Registered for fr.neatmonster.nocheatplus.components.entity.IEntityAccessLastPositionAndLook: fr.neatmonster.nocheatplus.compat.cbreflect.reflect.ReflectEntityLastPositionAndLook
20-03-29 08:00:50 [INFO] [GenericInstanceRegistry] Registered for fr.neatmonster.nocheatplus.components.entity.IEntityAccessVehicle: fr.neatmonster.nocheatplus.compat.bukkit.EntityAccessVehicleMultiPassenger
20-03-29 08:00:50 [INFO] [GenericInstanceRegistry] Registered for itself: fr.neatmonster.nocheatplus.checks.moving.util.AuxMoving
20-03-29 08:00:50 [INFO] Added hook: AllViolations(NCP) [1.0].
20-03-29 08:00:50 [INFO] Post-enable running...
20-03-29 08:00:50 [INFO] Post-enable finished.
20-03-29 08:00:50 [INFO] ---- Version information ----
#### Server ####
git-Paper-145 ~MC: 1.15.2~
  detected: 1.15.2
#### NoCheatPlus ####
Plugin: 3.16.0-RC-sMD5NET-b1134
MCAccess: 1.4.5-1.12.2|? / CB-Reflect
Features:
  blocks: BlocksMC1_4 | BlocksMC1_5 | BlocksMC1_6_1 | BlocksMC1_7_2 | BlocksMC1_8 | BlocksMC1_9 | BlocksMC1_10 | BlocksMC1_11 | BlocksMC1_12
  checks: FastConsume | Gutenberg | HotFixFallingBlockPortalEnter
  defaults: pvpKnockBackVelocity
Hooks: AllViolations~NCP~ 1.0
#### Related Plugins ####
ProtocolLib v4.5.0
20-03-29 08:02:22 [INFO] Removed hook: AllViolations(NCP) [1.0].
20-03-29 08:02:22 [FINE] | cancel.dead 0 | cancel.offline 0 | block.interact.look.current 0 | block.interact.look.flying.first 0 | block.interact.look.flying.other 0 | illegalitem 0 | boatsanywhere 0 | throwenderpearl 0 | fakeinvulnerable 0 | eggonentity 0 | event.player.move 0 |
20-03-29 08:02:22 [INFO] [GenericInstanceRegistry] Registry cleared.
